-------------------------------------------------------------------------------
Test set: Scenario: Creating New Lead using invalid details
-------------------------------------------------------------------------------
Tests run: 12, Failures: 2, Errors: 0, Skipped: 0, Time elapsed: 54.672 sec <<< FAILURE! - in Scenario: Creating New Lead using invalid details
Then I should be able to see the created new Lead(Scenario: Creating New Lead using valid details)  Time elapsed: 0.001 sec  <<< FAILURE!
org.junit.ComparisonFailure: expected:<TestNGLNInfoCall_[gTm, TestNGFNInfoCall_gTm]> but was:<TestNGLNInfoCall_[envzV, TestNGFNInfoCall_envzV]>
	at org.junit.Assert.assertEquals(Assert.java:115)
	at org.junit.Assert.assertEquals(Assert.java:144)
	at stepsDefinations.NewLeadCreationStepDefination.i_should_be_able_to_see_the_created_new_Lead(NewLeadCreationStepDefination.java:153)
	at ?.Then I should be able to see the created new Lead(features/NewLeadCreation.feature:9)

Scenario: Creating New Lead using valid details  Time elapsed: 0.001 sec  <<< FAILURE!
org.junit.ComparisonFailure: expected:<TestNGLNInfoCall_[gTm, TestNGFNInfoCall_gTm]> but was:<TestNGLNInfoCall_[envzV, TestNGFNInfoCall_envzV]>
	at org.junit.Assert.assertEquals(Assert.java:115)
	at org.junit.Assert.assertEquals(Assert.java:144)
	at stepsDefinations.NewLeadCreationStepDefination.i_should_be_able_to_see_the_created_new_Lead(NewLeadCreationStepDefination.java:153)
	at ?.Then I should be able to see the created new Lead(features/NewLeadCreation.feature:9)

